[    3858ms] [ERROR] Failed to fetch inventory: TypeError: Failed to fetch
    at fetchInventory (http://localhost:3000/_next/static/chunks/src_040qqm2._.js:4093:36)
    at ProductsPageContent.useEffect (http://localhost:3000/_next/static/chunks/src_040qqm2._.js:4040:17)
    at Object.react_stack_bottom_frame (http://localhost:3000/_next/static/chunks/node_modules_next_dist_compiled_react-dom_058-ah~._.js:15087:22)
    at runWithFiberInDEV (http://localhost:3000/_next/static/chunks/node_modules_next_dist_compiled_react-dom_058-ah~._.js:965:74)
    at commitHookEffectListMount (http://localhost:3000/_next/static/chunks/node_modules_next_dist_compiled_react-dom_058-ah~._.js:7255:167)
    at commitHookPassiveMountEffects (http://localhost:3000/_next/static/chunks/node_modules_next_dist_compiled_react-dom_058-ah~._.js:7290:60)
    at commitPassiveMountOnFiber (http://localhost:3000/_next/static/chunks/node_modules_next_dist_compiled_react-dom_058-ah~._.js:8689:33)
    at recursivelyTraversePassiveMountEffects (http://localhost:3000/_next/static/chunks/node_modules_next_dist_compiled_react-dom_058-ah~._.js:8676:316)
    at commitPassiveMountOnFiber (http://localhost:3000/_next/static/chunks/node_modules_next_dist_compiled_react-dom_058-ah~._.js:8738:783)
    at recursivelyTraversePassiveMountEffects (http://localhost:3000/_next/static/chunks/node_modules_next_dist_compiled_react-dom_058-ah~._.js:8676:316)
    at commitPassiveMountOnFiber (http://localhost:3000/_next/static/chunks/node_modules_next_dist_compiled_react-dom_058-ah~._.js:8730:17)
    at recursivelyTraversePassiveMountEffects (http://localhost:3000/_next/static/chunks/node_modules_next_dist_compiled_react-dom_058-ah~._.js:8676:316)
    at commitPassiveMountOnFiber (http://localhost:3000/_next/static/chunks/node_modules_next_dist_compiled_react-dom_058-ah~._.js:8750:17)
    at recursivelyTraversePassiveMountEffects (http://localhost:3000/_next/static/chunks/node_modules_next_dist_compiled_react-dom_058-ah~._.js:8676:316)
    at commitPassiveMountOnFiber (http://localhost:3000/_next/static/chunks/node_modules_next_dist_compiled_react-dom_058-ah~._.js:8688:17)
    at recursivelyTraversePassiveMountEffects (http://localhost:3000/_next/static/chunks/node_modules_next_dist_compiled_react-dom_058-ah~._.js:8676:316)
    at commitPassiveMountOnFiber (http://localhost:3000/_next/static/chunks/node_modules_next_dist_compiled_react-dom_058-ah~._.js:8688:17)
    at recursivelyTraversePassiveMountEffects (http://localhost:3000/_next/static/chunks/node_modules_next_dist_compiled_react-dom_058-ah~._.js:8676:316)
    at commitPassiveMountOnFiber (http://localhost:3000/_next/static/chunks/node_modules_next_dist_compiled_react-dom_058-ah~._.js:8688:17)
    at recursivelyTraversePassiveMountEffects (http://localhost:3000/_next/static/chunks/node_modules_next_dist_compiled_react-dom_058-ah~._.js:8676:316)
    at commitPassiveMountOnFiber (http://localhost:3000/_next/static/chunks/node_modules_next_dist_compiled_react-dom_058-ah~._.js:8688:17)
    at recursivelyTraversePassiveMountEffects (http://localhost:3000/_next/static/chunks/node_modules_next_dist_compiled_react-dom_058-ah~._.js:8676:316)
    at commitPassiveMountOnFiber (http://localhost:3000/_next/static/chunks/node_modules_next_dist_compiled_react-dom_058-ah~._.js:8750:17)
    at recursivelyTraversePassiveMountEffects (http://localhost:3000/_next/static/chunks/node_modules_next_dist_compiled_react-dom_058-ah~._.js:8676:316)
    at commitPassiveMountOnFiber (http://localhost:3000/_next/static/chunks/node_modules_next_dist_compiled_react-dom_058-ah~._.js:8750:17)
    at recursivelyTraversePassiveMountEffects (http://localhost:3000/_next/static/chunks/node_modules_next_dist_compiled_react-dom_058-ah~._.js:8676:316)
    at commitPassiveMountOnFiber (http://localhost:3000/_next/static/chunks/node_modules_next_dist_compiled_react-dom_058-ah~._.js:8688:17)
    at recursivelyTraversePassiveMountEffects (http://localhost:3000/_next/static/chunks/node_modules_next_dist_compiled_react-dom_058-ah~._.js:8676:316)
    at commitPassiveMountOnFiber (http://localhost:3000/_next/static/chunks/node_modules_next_dist_compiled_react-dom_058-ah~._.js:8693:17)
    at recursivelyTraversePassiveMountEffects (http://localhost:3000/_next/static/chunks/node_modules_next_dist_compiled_react-dom_058-ah~._.js:8676:316)
    at commitPassiveMountOnFiber (http://localhost:3000/_next/static/chunks/node_modules_next_dist_compiled_react-dom_058-ah~._.js:8688:17)
    at recursivelyTraversePassiveMountEffects (http://localhost:3000/_next/static/chunks/node_modules_next_dist_compiled_react-dom_058-ah~._.js:8676:316)
    at commitPassiveMountOnFiber (http://localhost:3000/_next/static/chunks/node_modules_next_dist_compiled_react-dom_058-ah~._.js:8688:17)
    at recursivelyTraversePassiveMountEffects (http://localhost:3000/_next/static/chunks/node_modules_next_dist_compiled_react-dom_058-ah~._.js:8676:316)
    at commitPassiveMountOnFiber (http://localhost:3000/_next/static/chunks/node_modules_next_dist_compiled_react-dom_058-ah~._.js:8738:783)
    at recursivelyTraversePassiveMountEffects (http://localhost:3000/_next/static/chunks/node_modules_next_dist_compiled_react-dom_058-ah~._.js:8676:316)
    at commitPassiveMountOnFiber (http://localhost:3000/_next/static/chunks/node_modules_next_dist_compiled_react-dom_058-ah~._.js:8730:17)
    at recursivelyTraversePassiveMountEffects (http://localhost:3000/_next/static/chunks/node_modules_next_dist_compiled_react-dom_058-ah~._.js:8676:316)
    at commitPassiveMountOnFiber (http://localhost:3000/_next/static/chunks/node_modules_next_dist_compiled_react-dom_058-ah~._.js:8688:17)
    at recursivelyTraversePassiveMountEffects (http://localhost:3000/_next/static/chunks/node_modules_next_dist_compiled_react-dom_058-ah~._.js:8676:316)
    at commitPassiveMountOnFiber (http://localhost:3000/_next/static/chunks/node_modules_next_dist_compiled_react-dom_058-ah~._.js:8688:17)
    at recursivelyTraversePassiveMountEffects (http://localhost:3000/_next/static/chunks/node_modules_next_dist_compiled_react-dom_058-ah~._.js:8676:316)
    at commitPassiveMountOnFiber (http://localhost:3000/_next/static/chunks/node_modules_next_dist_compiled_react-dom_058-ah~._.js:8693:17)
    at recursivelyTraversePassiveMountEffects (http://localhost:3000/_next/static/chunks/node_modules_next_dist_compiled_react-dom_058-ah~._.js:8676:316)
    at commitPassiveMountOnFiber (http://localhost:3000/_next/static/chunks/node_modules_next_dist_compiled_react-dom_058-ah~._.js:8688:17)
    at recursivelyTraversePassiveMountEffects (http://localhost:3000/_next/static/chunks/node_modules_next_dist_compiled_react-dom_058-ah~._.js:8676:316)
    at commitPassiveMountOnFiber (http://localhost:3000/_next/static/chunks/node_modules_next_dist_compiled_react-dom_058-ah~._.js:8688:17)
    at recursivelyTraversePassiveMountEffects (http://localhost:3000/_next/static/chunks/node_modules_next_dist_compiled_react-dom_058-ah~._.js:8676:316)
    at commitPassiveMountOnFiber (http://localhost:3000/_next/static/chunks/node_modules_next_dist_compiled_react-dom_058-ah~._.js:8750:17)
    at recursivelyTraversePassiveMountEffects (http://localhost:3000/_next/static/chunks/node_modules_next_dist_compiled_react-dom_058-ah~._.js:8676:316) @ http://localhost:3000/_next/static/chunks/node_modules_next_dist_115brz8._.js:3272
