[    6690ms] [ERROR] A tree hydrated but some attributes of the server rendered HTML didn't match the client properties. This won't be patched up. This can happen if a SSR-ed Client Component used:

- A server/client branch `if (typeof window !== 'undefined')`.
- Variable input such as `Date.now()` or `Math.random()` which changes each time it's called.
- Date formatting in a user's locale which doesn't match the server.
- External changing data without sending a snapshot of it along with the HTML.
- Invalid HTML tag nesting.

It can also happen if the client has a browser extension installed which messes with the HTML before React loaded.

%s%s https://react.dev/link/hydration-mismatch 

  ...
    <RedirectBoundary>
      <RedirectErrorBoundary router={{...}}>
        <InnerLayoutRouter url="/" tree={[...]} params={{}} cacheNode={{rsc:{...}, ...}} segmentPath={[...]} ...>
          <SegmentViewNode type="page" pagePath="(dashboard...">
            <SegmentTrieNode>
            <DashboardPage>
              <PageAnimation>
                <div className={"animate-..."}>
                  <DashboardContent>
                    <StaggerContainer className="space-y-4">
                      <div className="stagger-ch...">
                        <StaggerItem>
                          <div className={undefined}>
                            <div className="flex flex-...">
                              <div className="space-y-2">
                                <span
+                                 className="section-chip"
-                                 className="section-chip md:hidden"
                                >
+                                 Wednesday, March 25
                                ...
                              ...
                        ...
          ...
        ...
 @ http://localhost:3000/_next/static/chunks/node_modules_next_dist_115brz8._.js:3272
[   12569ms] [ERROR] Failed to load resource: the server responded with a status of 500 (Internal Server Error) @ http://localhost:3000/api/settings:0
[   71972ms] [ERROR] Failed to load resource: the server responded with a status of 500 (Internal Server Error) @ http://localhost:3000/api/dashboard:0
